----------
Test: tests/test_complex.py::test_complex_case_1 (call)
Start time: 2025-02-15 13:37:05.693279
Start name method: method_choose_city

End time: 2025-02-15 13:37:14.537504
End name method: method_choose_city
URL: https://www.chitai-gorod.ru/
----------

----------
Test: tests/test_complex.py::test_complex_case_1 (call)
Start time: 2025-02-15 13:37:19.794273
Start name method: method_complex_filters

End time: 2025-02-15 13:38:21.196476
End name method: method_complex_filters
URL: https://www.chitai-gorod.ru/sales?page=1&sortPreset=relevance&filters%5Bpublishers%5D=154486&filters%5Bpublishers%5D=116515&filters%5Bauthors%5D=589597&filters%5Bbindings%5D=941027835&filters%5BliteratureWorkPublishingYearsMin%5D=2019&filters%5BliteratureWorkPublishingYearsMax%5D=2022
----------

----------
Test: tests/test_complex.py::test_complex_case_1 (call)
Start time: 2025-02-15 13:38:26.309611
Start name method: method_complex_buy_product

End time: 2025-02-15 13:38:42.076346
End name method: method_complex_buy_product
URL: https://www.chitai-gorod.ru/product/kapitanskaya-dochka-7736446
----------

----------
Test: tests/test_complex.py::test_complex_case_1 (call)
Start time: 2025-02-15 13:38:47.223476
Start name method: method_complex_cart_check

End time: 2025-02-15 13:39:33.251819
End name method: method_complex_cart_check
URL: https://www.chitai-gorod.ru/cart
----------

