----------
Test: tests/test_complex.py::test_complex_case_1 (call)
Start time: 2025-02-15 12:44:51.527407
Start name method: method_choose_city

End time: 2025-02-15 12:45:00.215644
End name method: method_choose_city
URL: https://www.chitai-gorod.ru/
----------

----------
Test: tests/test_complex.py::test_complex_case_1 (call)
Start time: 2025-02-15 12:45:05.552080
Start name method: method_complex_filters

End time: 2025-02-15 12:46:07.303091
End name method: method_complex_filters
URL: https://www.chitai-gorod.ru/sales?page=1&sortPreset=relevance&filters%5Bpublishers%5D=154486&filters%5Bpublishers%5D=144438&filters%5Bauthors%5D=589597&filters%5Bbindings%5D=941027835&filters%5BliteratureWorkPublishingYearsMin%5D=2019&filters%5BliteratureWorkPublishingYearsMax%5D=2022
----------

----------
Test: tests/test_complex.py::test_complex_case_1 (call)
Start time: 2025-02-15 12:46:12.422423
Start name method: method_complex_buy_product

End time: 2025-02-15 12:46:28.249775
End name method: method_complex_buy_product
URL: https://www.chitai-gorod.ru/product/hrestomatiya-dlya-vneklassnogo-chteniya-8-klass-7739532
----------

----------
Test: tests/test_complex.py::test_complex_case_1 (call)
Start time: 2025-02-15 12:46:33.383223
Start name method: method_complex_cart_check

End time: 2025-02-15 12:47:19.800429
End name method: method_complex_cart_check
URL: https://www.chitai-gorod.ru/cart
----------

